2016-01-07 14:32:40,682 - Log4JLogChute initialized using file 'velocity.log'
2016-01-07 14:32:40,683 - Starting Apache Velocity v1.5 (compiled: 2007-02-22 08:52:29)
2016-01-07 14:32:40,683 - Default Properties File: org\apache\velocity\runtime\defaults\velocity.properties
2016-01-07 14:32:40,683 - Trying to use logger class org.apache.velocity.runtime.log.AvalonLogChute
2016-01-07 14:32:40,684 - Couldn't find class org.apache.velocity.runtime.log.AvalonLogChute or necessary supporting classes in classpath.
java.lang.NoClassDefFoundError: org/apache/log/format/Formatter
	at java.lang.Class.forName0(Native Method)
	at java.lang.Class.forName(Class.java:274)
	at org.apache.velocity.util.ClassUtils.getClass(ClassUtils.java:63)
	at org.apache.velocity.util.ClassUtils.getNewInstance(ClassUtils.java:95)
	at org.apache.velocity.runtime.log.LogManager.createLogChute(LogManager.java:147)
	at org.apache.velocity.runtime.log.LogManager.updateLog(LogManager.java:208)
	at org.apache.velocity.runtime.RuntimeInstance.initializeLog(RuntimeInstance.java:728)
	at org.apache.velocity.runtime.RuntimeInstance.init(RuntimeInstance.java:240)
	at org.apache.velocity.app.VelocityEngine.init(VelocityEngine.java:116)
	at cn.com.sky.test_velocity.HelloWorld.main(HelloWorld.java:18)
Caused by: java.lang.ClassNotFoundException: org.apache.log.format.Formatter
	at java.net.URLClassLoader$1.run(URLClassLoader.java:366)
	at java.net.URLClassLoader$1.run(URLClassLoader.java:355)
	at java.security.AccessController.doPrivileged(Native Method)
	at java.net.URLClassLoader.findClass(URLClassLoader.java:354)
	at java.lang.ClassLoader.loadClass(ClassLoader.java:425)
	at sun.misc.Launcher$AppClassLoader.loadClass(Launcher.java:308)
	at java.lang.ClassLoader.loadClass(ClassLoader.java:358)
	... 10 more
2016-01-07 14:32:40,724 - Trying to use logger class org.apache.velocity.runtime.log.Log4JLogChute
2016-01-07 14:32:40,724 - Using logger class org.apache.velocity.runtime.log.Log4JLogChute
2016-01-07 14:32:40,726 - Default ResourceManager initializing. (class org.apache.velocity.runtime.resource.ResourceManagerImpl)
2016-01-07 14:32:40,730 - ResourceLoader instantiated: org.apache.velocity.runtime.resource.loader.FileResourceLoader
2016-01-07 14:32:40,732 - Do unicode file recognition:  false
2016-01-07 14:32:40,732 - FileResourceLoader : adding path '.'
2016-01-07 14:32:40,748 - ResourceCache: initialized (class org.apache.velocity.runtime.resource.ResourceCacheImpl)
2016-01-07 14:32:40,750 - Loaded System Directive: org.apache.velocity.runtime.directive.Literal
2016-01-07 14:32:40,751 - Loaded System Directive: org.apache.velocity.runtime.directive.Macro
2016-01-07 14:32:40,753 - Loaded System Directive: org.apache.velocity.runtime.directive.Parse
2016-01-07 14:32:40,756 - Loaded System Directive: org.apache.velocity.runtime.directive.Include
2016-01-07 14:32:40,757 - Loaded System Directive: org.apache.velocity.runtime.directive.Foreach
2016-01-07 14:32:40,785 - Created '20' parsers.
2016-01-07 14:32:40,796 - Velocimacro : "velocimacro.library" is not set.  Trying default library: VM_global_library.vm
2016-01-07 14:32:40,796 - Velocimacro : Default library not found.
2016-01-07 14:32:40,796 - Velocimacro : allowInline = true : VMs can be defined inline in templates
2016-01-07 14:32:40,796 - Velocimacro : allowInlineToOverride = false : VMs defined inline may NOT replace previous VM definitions
2016-01-07 14:32:40,796 - Velocimacro : allowInlineLocal = false : VMs defined inline will be global in scope if allowed.
2016-01-07 14:32:40,796 - Velocimacro : autoload off : VM system will not automatically reload global library macros
2016-01-07 14:32:40,798 - ResourceManager : unable to find resource 'src/test_velocity/hellosite.vm' in any resource loader.
